# zsim stats
===
root: # Stats
 contention: # Contention simulation stats
  domain-0: # Domain stats
   time: 394541090 # Weave simulation time
 time: # Simulator time breakdown
  init: 56561475684
  bound: 9715908843
  weave: 1799434080
  ff: 0
 trigger: 20000 # Reason for this stats dump
 phase: 11470 # Simulated phases
 westmere: # Core stats
  westmere-0: # Core stats
   cycles: 114700002 # Simulated unhalted cycles
   cCycles: 8719599 # Cycles due to contention stalls
   instrs: 100020737 # Simulated instructions
   uops: 118240048 # Retired micro-ops
   bbls: 14699822 # Basic blocks
   approxInstrs: 596176 # Instrs with approx uop decoding
   mispredBranches: 777881 # Mispredicted branches
   condBranches: 12432817 # conditional branches
 l1i: # Cache stats
  l1i-0: # Filter cache stats
   fhGETS: 19667612 # Filtered GETS hits
   fhGETX: 0 # Filtered GETX hits
   hGETS: 538 # GETS hits
   hGETX: 0 # GETX hits
   mGETS: 171 # GETS misses
   mGETXIM: 0 # GETX I->M misses
   mGETXSM: 0 # GETX S->M misses (upgrade misses)
   PUTS: 0 # Clean evictions (from lower level)
   PUTX: 0 # Dirty evictions (from lower level)
   INV: 0 # Invalidates (from upper level)
   INVX: 0 # Downgrades (from upper level)
   FWD: 0 # Forwards (from upper level)
   latGETnl: 21204 # GET request latency on next level
   latGETnet: 0 # GET request latency on network to next level
 l1d: # Cache stats
  l1d-0: # Filter cache stats
   fhGETS: 28805507 # Filtered GETS hits
   fhGETX: 11606301 # Filtered GETX hits
   hGETS: 1452657 # GETS hits
   hGETX: 1899972 # GETX hits
   mGETS: 1923074 # GETS misses
   mGETXIM: 1097197 # GETX I->M misses
   mGETXSM: 0 # GETX S->M misses (upgrade misses)
   PUTS: 0 # Clean evictions (from lower level)
   PUTX: 0 # Dirty evictions (from lower level)
   INV: 0 # Invalidates (from upper level)
   INVX: 0 # Downgrades (from upper level)
   FWD: 0 # Forwards (from upper level)
   latGETnl: 105047886 # GET request latency on next level
   latGETnet: 0 # GET request latency on network to next level
 l2: # Cache stats
  l2-0: # Cache stats
   hGETS: 932233 # GETS hits
   hGETX: 118819 # GETX hits
   mGETS: 991012 # GETS misses
   mGETXIM: 978378 # GETX I->M misses
   mGETXSM: 0 # GETX S->M misses (upgrade misses)
   PUTS: 930728 # Clean evictions (from lower level)
   PUTX: 2089031 # Dirty evictions (from lower level)
   INV: 0 # Invalidates (from upper level)
   INVX: 0 # Downgrades (from upper level)
   FWD: 0 # Forwards (from upper level)
   latGETnl: 74864670 # GET request latency on next level
   latGETnet: 0 # GET request latency on network to next level
 l3: # Cache stats
  l3-0: # Cache stats
   hGETS: 879826 # GETS hits
   hGETX: 782905 # GETX hits
   mGETS: 111186 # GETS misses
   mGETXIM: 195473 # GETX I->M misses
   mGETXSM: 0 # GETX S->M misses (upgrade misses)
   PUTS: 575222 # Clean evictions (from lower level)
   PUTX: 1390072 # Dirty evictions (from lower level)
   INV: 0 # Invalidates (from upper level)
   INVX: 0 # Downgrades (from upper level)
   FWD: 0 # Forwards (from upper level)
   latGETnl: 27599310 # GET request latency on next level
   latGETnet: 0 # GET request latency on network to next level
 mem: # Memory controller stats
  mem-0: # Memory controller stats
   rd: 76327 # Read requests
   wr: 55116 # Write requests
   rdlat: 10399564 # Total latency experienced by read requests
   wrlat: 8011329 # Total latency experienced by write requests
   rdhits: 1947 # Read row hits
   wrhits: 473 # Write row hits
   mlh: # latency histogram for memory requests
    0: 0
    1: 0
    2: 0
    3: 0
    4: 0
    5: 0
    6: 0
    7: 0
    8: 0
    9: 0
    10: 0
    11: 233
    12: 233
    13: 69707
    14: 1507
    15: 1085
    16: 706
    17: 378
    18: 426
    19: 403
    20: 370
    21: 231
    22: 69
    23: 68
    24: 60
    25: 40
    26: 33
    27: 39
    28: 45
    29: 38
    30: 36
    31: 42
    32: 56
    33: 45
    34: 41
    35: 35
    36: 29
    37: 61
    38: 52
    39: 48
    40: 43
    41: 51
    42: 47
    43: 17
    44: 11
    45: 9
    46: 6
    47: 5
    48: 9
    49: 5
    50: 2
    51: 1
    52: 4
    53: 1
    54: 0
    55: 0
    56: 0
    57: 0
    58: 0
    59: 0
    60: 0
    61: 0
    62: 0
    63: 0
    64: 0
    65: 0
    66: 0
    67: 0
    68: 0
    69: 0
    70: 0
    71: 0
    72: 0
    73: 0
    74: 0
    75: 0
    76: 0
    77: 0
    78: 0
    79: 0
    80: 0
    81: 0
    82: 0
    83: 0
    84: 0
    85: 0
    86: 0
    87: 0
    88: 0
    89: 0
    90: 0
    91: 0
    92: 0
    93: 0
    94: 0
    95: 0
    96: 0
    97: 0
    98: 0
    99: 0
  mem-1: # Memory controller stats
   rd: 76660 # Read requests
   wr: 55876 # Write requests
   rdlat: 10455057 # Total latency experienced by read requests
   wrlat: 8157187 # Total latency experienced by write requests
   rdhits: 2119 # Read row hits
   wrhits: 520 # Write row hits
   mlh: # latency histogram for memory requests
    0: 0
    1: 0
    2: 0
    3: 0
    4: 0
    5: 0
    6: 0
    7: 0
    8: 0
    9: 0
    10: 0
    11: 229
    12: 285
    13: 69674
    14: 1583
    15: 1234
    16: 732
    17: 434
    18: 413
    19: 401
    20: 434
    21: 192
    22: 63
    23: 63
    24: 47
    25: 48
    26: 36
    27: 45
    28: 47
    29: 43
    30: 44
    31: 48
    32: 38
    33: 59
    34: 47
    35: 47
    36: 46
    37: 50
    38: 43
    39: 46
    40: 34
    41: 54
    42: 44
    43: 23
    44: 7
    45: 9
    46: 6
    47: 7
    48: 2
    49: 0
    50: 2
    51: 0
    52: 1
    53: 0
    54: 0
    55: 0
    56: 0
    57: 0
    58: 0
    59: 0
    60: 0
    61: 0
    62: 0
    63: 0
    64: 0
    65: 0
    66: 0
    67: 0
    68: 0
    69: 0
    70: 0
    71: 0
    72: 0
    73: 0
    74: 0
    75: 0
    76: 0
    77: 0
    78: 0
    79: 0
    80: 0
    81: 0
    82: 0
    83: 0
    84: 0
    85: 0
    86: 0
    87: 0
    88: 0
    89: 0
    90: 0
    91: 0
    92: 0
    93: 0
    94: 0
    95: 0
    96: 0
    97: 0
    98: 0
    99: 0
  mem-2: # Memory controller stats
   rd: 77037 # Read requests
   wr: 55942 # Write requests
   rdlat: 10493872 # Total latency experienced by read requests
   wrlat: 8157637 # Total latency experienced by write requests
   rdhits: 2259 # Read row hits
   wrhits: 506 # Write row hits
   mlh: # latency histogram for memory requests
    0: 0
    1: 0
    2: 0
    3: 0
    4: 0
    5: 0
    6: 0
    7: 0
    8: 0
    9: 0
    10: 0
    11: 233
    12: 280
    13: 69848
    14: 1527
    15: 1259
    16: 769
    17: 460
    18: 466
    19: 476
    20: 478
    21: 281
    22: 75
    23: 69
    24: 61
    25: 45
    26: 27
    27: 40
    28: 35
    29: 41
    30: 52
    31: 31
    32: 50
    33: 37
    34: 51
    35: 35
    36: 32
    37: 42
    38: 45
    39: 36
    40: 42
    41: 46
    42: 30
    43: 13
    44: 6
    45: 9
    46: 3
    47: 6
    48: 1
    49: 0
    50: 0
    51: 0
    52: 0
    53: 0
    54: 0
    55: 0
    56: 0
    57: 0
    58: 0
    59: 0
    60: 0
    61: 0
    62: 0
    63: 0
    64: 0
    65: 0
    66: 0
    67: 0
    68: 0
    69: 0
    70: 0
    71: 0
    72: 0
    73: 0
    74: 0
    75: 0
    76: 0
    77: 0
    78: 0
    79: 0
    80: 0
    81: 0
    82: 0
    83: 0
    84: 0
    85: 0
    86: 0
    87: 0
    88: 0
    89: 0
    90: 0
    91: 0
    92: 0
    93: 0
    94: 0
    95: 0
    96: 0
    97: 0
    98: 0
    99: 0
  mem-3: # Memory controller stats
   rd: 76635 # Read requests
   wr: 55858 # Write requests
   rdlat: 10441921 # Total latency experienced by read requests
   wrlat: 8144458 # Total latency experienced by write requests
   rdhits: 2127 # Read row hits
   wrhits: 498 # Write row hits
   mlh: # latency histogram for memory requests
    0: 0
    1: 0
    2: 0
    3: 0
    4: 0
    5: 0
    6: 0
    7: 0
    8: 0
    9: 0
    10: 0
    11: 233
    12: 283
    13: 69761
    14: 1498
    15: 1200
    16: 714
    17: 399
    18: 465
    19: 427
    20: 431
    21: 238
    22: 69
    23: 62
    24: 53
    25: 49
    26: 38
    27: 31
    28: 42
    29: 31
    30: 40
    31: 36
    32: 46
    33: 49
    34: 44
    35: 47
    36: 36
    37: 46
    38: 36
    39: 47
    40: 37
    41: 53
    42: 40
    43: 30
    44: 6
    45: 4
    46: 5
    47: 5
    48: 1
    49: 0
    50: 1
    51: 0
    52: 1
    53: 1
    54: 0
    55: 0
    56: 0
    57: 0
    58: 0
    59: 0
    60: 0
    61: 0
    62: 0
    63: 0
    64: 0
    65: 0
    66: 0
    67: 0
    68: 0
    69: 0
    70: 0
    71: 0
    72: 0
    73: 0
    74: 0
    75: 0
    76: 0
    77: 0
    78: 0
    79: 0
    80: 0
    81: 0
    82: 0
    83: 0
    84: 0
    85: 0
    86: 0
    87: 0
    88: 0
    89: 0
    90: 0
    91: 0
    92: 0
    93: 0
    94: 0
    95: 0
    96: 0
    97: 0
    98: 0
    99: 0
 sched: # Scheduler stats
  thCr: 1 # Threads created
  thFn: 1 # Threads finished
  schedEvs: 1 # Schedule events
  waitEvs: 0 # Wait events
  handoffEvs: 0 # Handoff events
  sleepEvs: 0 # Sleep events
  idlePhases: 0 # Phases with no thread active
  idlePeriods: 0 # Periods with no thread active
  occHist: # Occupancy histogram
   0: 0
   1: 11470
  rqSzHist: # Run queue size histogram
   0: 11470
   1: 0
   2: 0
   3: 0
   4: 0
   5: 0
   6: 0
   7: 0
   8: 0
   9: 0
   10: 0
   11: 0
   12: 0
   13: 0
   14: 0
   15: 0
   16: 0
 procCycles: # Per-process unhalted core cycles
  0: 114700002
  1: 0
  2: 0
  3: 0
  4: 0
  5: 0
  6: 0
  7: 0
  8: 0
  9: 0
  10: 0
  11: 0
  12: 0
  13: 0
  14: 0
  15: 0
  16: 0
  17: 0
  18: 0
  19: 0
  20: 0
  21: 0
  22: 0
  23: 0
  24: 0
  25: 0
  26: 0
  27: 0
  28: 0
  29: 0
  30: 0
  31: 0
  32: 0
  33: 0
  34: 0
  35: 0
  36: 0
  37: 0
  38: 0
  39: 0
  40: 0
  41: 0
  42: 0
  43: 0
  44: 0
  45: 0
  46: 0
  47: 0
  48: 0
  49: 0
  50: 0
  51: 0
  52: 0
  53: 0
  54: 0
  55: 0
  56: 0
  57: 0
  58: 0
  59: 0
  60: 0
  61: 0
  62: 0
  63: 0
 procInstrs: # Per-process instructions
  0: 100020737
  1: 0
  2: 0
  3: 0
  4: 0
  5: 0
  6: 0
  7: 0
  8: 0
  9: 0
  10: 0
  11: 0
  12: 0
  13: 0
  14: 0
  15: 0
  16: 0
  17: 0
  18: 0
  19: 0
  20: 0
  21: 0
  22: 0
  23: 0
  24: 0
  25: 0
  26: 0
  27: 0
  28: 0
  29: 0
  30: 0
  31: 0
  32: 0
  33: 0
  34: 0
  35: 0
  36: 0
  37: 0
  38: 0
  39: 0
  40: 0
  41: 0
  42: 0
  43: 0
  44: 0
  45: 0
  46: 0
  47: 0
  48: 0
  49: 0
  50: 0
  51: 0
  52: 0
  53: 0
  54: 0
  55: 0
  56: 0
  57: 0
  58: 0
  59: 0
  60: 0
  61: 0
  62: 0
  63: 0
 heartbeats: # Per-process heartbeats
  0: 0
  1: 0
  2: 0
  3: 0
  4: 0
  5: 0
  6: 0
  7: 0
  8: 0
  9: 0
  10: 0
  11: 0
  12: 0
  13: 0
  14: 0
  15: 0
  16: 0
  17: 0
  18: 0
  19: 0
  20: 0
  21: 0
  22: 0
  23: 0
  24: 0
  25: 0
  26: 0
  27: 0
  28: 0
  29: 0
  30: 0
  31: 0
  32: 0
  33: 0
  34: 0
  35: 0
  36: 0
  37: 0
  38: 0
  39: 0
  40: 0
  41: 0
  42: 0
  43: 0
  44: 0
  45: 0
  46: 0
  47: 0
  48: 0
  49: 0
  50: 0
  51: 0
  52: 0
  53: 0
  54: 0
  55: 0
  56: 0
  57: 0
  58: 0
  59: 0
  60: 0
  61: 0
  62: 0
  63: 0
===
