[H] Starting zsim, built Sun Mar 29 22:10:28 CDT 2026 (rev no git repo)
[H] Creating global segment, 1024 MBs
[H] Global segment shmid = 41
[H] Deadlock detection ON
[S 0] Started instance
[S 0] Started RR scheduler, quantum=10000 phases
[S 0] mem-0: domain 0, 4 ranks/ch 8 banks/rank, tech DDR3-1333-CL10, boundLat 90 rd / 40 wr
[S 0] mem-0: Address mapping rank:col:bank row 63:15 col 12:3 rank 14:13 bank 2:0
[S 0] mem-1: domain 0, 4 ranks/ch 8 banks/rank, tech DDR3-1333-CL10, boundLat 90 rd / 40 wr
[S 0] mem-1: Address mapping rank:col:bank row 63:15 col 12:3 rank 14:13 bank 2:0
[S 0] mem-2: domain 0, 4 ranks/ch 8 banks/rank, tech DDR3-1333-CL10, boundLat 90 rd / 40 wr
[S 0] mem-2: Address mapping rank:col:bank row 63:15 col 12:3 rank 14:13 bank 2:0
[S 0] mem-3: domain 0, 4 ranks/ch 8 banks/rank, tech DDR3-1333-CL10, boundLat 90 rd / 40 wr
[S 0] mem-3: Address mapping rank:col:bank row 63:15 col 12:3 rank 14:13 bank 2:0
[S 0] Hierarchy: [ l1i-0 l1d-0 ] -> l2-0
[S 0] Hierarchy: [ l2-0 ] -> l3-0
[S 0] Initialized system
[S 0] HDF5 backend: Opening ./outputs/hw4/LFU/soplex/zsim.h5
[S 0] HDF5 backend: Created table, 5680 bytes/record, 185 records/write
[S 0] HDF5 backend: Opening ./outputs/hw4/LFU/soplex/zsim-ev.h5
[S 0] HDF5 backend: Created table, 5680 bytes/record, 24 records/write
[S 0] HDF5 backend: Opening ./outputs/hw4/LFU/soplex/zsim-cmp.h5
[S 0] HDF5 backend: Created table, 3136 bytes/record, 1 records/write
[S 0] Initialization complete
[S 0] Started process, PID 239583
[S 0] procMask: 0x0
[S 0] [0] Adjusting clocks, domain 0, de-ffwd 0
[S 0] FFI mode initialized, 2 ffiPoints
[S 0] vDSO info initialized
[S 0] WARN: vsyscall page not found
[H] Attached to global heap
[S 0] FF thread 0 starting
[S 0] Started contention simulation thread 0
[S 0] Started scheduler watchdog thread
[S 0] FF control Thread TID 239588
Delta   =     1.000000e-06
Epsilon =     1.000000e-17
Entering algorithm
Column representation
Forest-Tomlin update
Steep pricing
Fast ratiotest
No scaling
No simplifier
Weight starter
loading LP file /home/sam/csce469_hw4/casim-csce614/benchmarks/spec_cpu2006/data/soplex/pds-50.mps
[H] Some fast-forwarding is going on, not doing deadlock detection (a: 1, ff: 1, sff: 0)
[H] Some fast-forwarding is going on, not doing deadlock detection (a: 1, ff: 1, sff: 0)
LP has 83060	rows and
       270095	columns
[S 0] WARN: [0] Executing unvirtualized potentially timing-sensitive syscall: INVALID (100)
solving LP
[S 0] WARN: [0] Executing unvirtualized potentially timing-sensitive syscall: INVALID (100)
[H] Some fast-forwarding is going on, not doing deadlock detection (a: 1, ff: 1, sff: 0)
[H] Some fast-forwarding is going on, not doing deadlock detection (a: 1, ff: 1, sff: 0)
[H] Some fast-forwarding is going on, not doing deadlock detection (a: 1, ff: 1, sff: 0)
[H] Some fast-forwarding is going on, not doing deadlock detection (a: 1, ff: 1, sff: 0)
[H] Some fast-forwarding is going on, not doing deadlock detection (a: 1, ff: 1, sff: 0)
[H] Some fast-forwarding is going on, not doing deadlock detection (a: 1, ff: 1, sff: 0)
[H] Some fast-forwarding is going on, not doing deadlock detection (a: 1, ff: 1, sff: 0)
[H] Some fast-forwarding is going on, not doing deadlock detection (a: 1, ff: 1, sff: 0)
[H] Some fast-forwarding is going on, not doing deadlock detection (a: 1, ff: 1, sff: 0)
[H] Some fast-forwarding is going on, not doing deadlock detection (a: 1, ff: 1, sff: 0)
[H] Some fast-forwarding is going on, not doing deadlock detection (a: 1, ff: 1, sff: 0)
[H] Some fast-forwarding is going on, not doing deadlock detection (a: 1, ff: 1, sff: 0)
[H] Some fast-forwarding is going on, not doing deadlock detection (a: 1, ff: 1, sff: 0)
[H] Some fast-forwarding is going on, not doing deadlock detection (a: 1, ff: 1, sff: 0)
[H] Some fast-forwarding is going on, not doing deadlock detection (a: 1, ff: 1, sff: 0)
[H] Some fast-forwarding is going on, not doing deadlock detection (a: 1, ff: 1, sff: 0)
[H] Some fast-forwarding is going on, not doing deadlock detection (a: 1, ff: 1, sff: 0)
[H] Some fast-forwarding is going on, not doing deadlock detection (a: 1, ff: 1, sff: 0)
[H] Some fast-forwarding is going on, not doing deadlock detection (a: 1, ff: 1, sff: 0)
[H] Some fast-forwarding is going on, not doing deadlock detection (a: 1, ff: 1, sff: 0)
[H] Some fast-forwarding is going on, not doing deadlock detection (a: 1, ff: 1, sff: 0)
[H] Some fast-forwarding is going on, not doing deadlock detection (a: 1, ff: 1, sff: 0)
[H] Some fast-forwarding is going on, not doing deadlock detection (a: 1, ff: 1, sff: 0)
[H] Some fast-forwarding is going on, not doing deadlock detection (a: 1, ff: 1, sff: 0)
[H] Some fast-forwarding is going on, not doing deadlock detection (a: 1, ff: 1, sff: 0)
[H] Some fast-forwarding is going on, not doing deadlock detection (a: 1, ff: 1, sff: 0)
[H] Some fast-forwarding is going on, not doing deadlock detection (a: 1, ff: 1, sff: 0)
[H] Some fast-forwarding is going on, not doing deadlock detection (a: 1, ff: 1, sff: 0)
[H] Some fast-forwarding is going on, not doing deadlock detection (a: 1, ff: 1, sff: 0)
[H] Some fast-forwarding is going on, not doing deadlock detection (a: 1, ff: 1, sff: 0)
[H] Some fast-forwarding is going on, not doing deadlock detection (a: 1, ff: 1, sff: 0)
[H] Some fast-forwarding is going on, not doing deadlock detection (a: 1, ff: 1, sff: 0)
[H] Some fast-forwarding is going on, not doing deadlock detection (a: 1, ff: 1, sff: 0)
[H] Some fast-forwarding is going on, not doing deadlock detection (a: 1, ff: 1, sff: 0)
[H] Some fast-forwarding is going on, not doing deadlock detection (a: 1, ff: 1, sff: 0)
[H] Some fast-forwarding is going on, not doing deadlock detection (a: 1, ff: 1, sff: 0)
[H] Some fast-forwarding is going on, not doing deadlock detection (a: 1, ff: 1, sff: 0)
[H] Some fast-forwarding is going on, not doing deadlock detection (a: 1, ff: 1, sff: 0)
[H] Some fast-forwarding is going on, not doing deadlock detection (a: 1, ff: 1, sff: 0)
[H] Some fast-forwarding is going on, not doing deadlock detection (a: 1, ff: 1, sff: 0)
[H] Some fast-forwarding is going on, not doing deadlock detection (a: 1, ff: 1, sff: 0)
[H] Some fast-forwarding is going on, not doing deadlock detection (a: 1, ff: 1, sff: 0)
[H] Some fast-forwarding is going on, not doing deadlock detection (a: 1, ff: 1, sff: 0)
[H] Some fast-forwarding is going on, not doing deadlock detection (a: 1, ff: 1, sff: 0)
[H] Some fast-forwarding is going on, not doing deadlock detection (a: 1, ff: 1, sff: 0)
[H] Some fast-forwarding is going on, not doing deadlock detection (a: 1, ff: 1, sff: 0)
[H] Some fast-forwarding is going on, not doing deadlock detection (a: 1, ff: 1, sff: 0)
[H] Some fast-forwarding is going on, not doing deadlock detection (a: 1, ff: 1, sff: 0)
[H] Some fast-forwarding is going on, not doing deadlock detection (a: 1, ff: 1, sff: 0)
[H] Some fast-forwarding is going on, not doing deadlock detection (a: 1, ff: 1, sff: 0)
[H] Some fast-forwarding is going on, not doing deadlock detection (a: 1, ff: 1, sff: 0)
[H] Some fast-forwarding is going on, not doing deadlock detection (a: 1, ff: 1, sff: 0)
[H] Some fast-forwarding is going on, not doing deadlock detection (a: 1, ff: 1, sff: 0)
[H] Some fast-forwarding is going on, not doing deadlock detection (a: 1, ff: 1, sff: 0)
[H] Some fast-forwarding is going on, not doing deadlock detection (a: 1, ff: 1, sff: 0)
[H] Some fast-forwarding is going on, not doing deadlock detection (a: 1, ff: 1, sff: 0)
[H] Some fast-forwarding is going on, not doing deadlock detection (a: 1, ff: 1, sff: 0)
[H] Some fast-forwarding is going on, not doing deadlock detection (a: 1, ff: 1, sff: 0)
[H] Some fast-forwarding is going on, not doing deadlock detection (a: 1, ff: 1, sff: 0)
[H] Some fast-forwarding is going on, not doing deadlock detection (a: 1, ff: 1, sff: 0)
[H] Some fast-forwarding is going on, not doing deadlock detection (a: 1, ff: 1, sff: 0)
[H] Some fast-forwarding is going on, not doing deadlock detection (a: 1, ff: 1, sff: 0)
[H] Some fast-forwarding is going on, not doing deadlock detection (a: 1, ff: 1, sff: 0)
[H] Some fast-forwarding is going on, not doing deadlock detection (a: 1, ff: 1, sff: 0)
[H] Some fast-forwarding is going on, not doing deadlock detection (a: 1, ff: 1, sff: 0)
[H] Some fast-forwarding is going on, not doing deadlock detection (a: 1, ff: 1, sff: 0)
[H] Some fast-forwarding is going on, not doing deadlock detection (a: 1, ff: 1, sff: 0)
[H] Some fast-forwarding is going on, not doing deadlock detection (a: 1, ff: 1, sff: 0)
[H] Some fast-forwarding is going on, not doing deadlock detection (a: 1, ff: 1, sff: 0)
[H] Some fast-forwarding is going on, not doing deadlock detection (a: 1, ff: 1, sff: 0)
[H] Some fast-forwarding is going on, not doing deadlock detection (a: 1, ff: 1, sff: 0)
[H] Some fast-forwarding is going on, not doing deadlock detection (a: 1, ff: 1, sff: 0)
[H] Some fast-forwarding is going on, not doing deadlock detection (a: 1, ff: 1, sff: 0)
[H] Some fast-forwarding is going on, not doing deadlock detection (a: 1, ff: 1, sff: 0)
[H] Some fast-forwarding is going on, not doing deadlock detection (a: 1, ff: 1, sff: 0)
[H] Some fast-forwarding is going on, not doing deadlock detection (a: 1, ff: 1, sff: 0)
[H] Some fast-forwarding is going on, not doing deadlock detection (a: 1, ff: 1, sff: 0)
[H] Some fast-forwarding is going on, not doing deadlock detection (a: 1, ff: 1, sff: 0)
[H] Some fast-forwarding is going on, not doing deadlock detection (a: 1, ff: 1, sff: 0)
[H] Some fast-forwarding is going on, not doing deadlock detection (a: 1, ff: 1, sff: 0)
[H] Some fast-forwarding is going on, not doing deadlock detection (a: 1, ff: 1, sff: 0)
[H] Some fast-forwarding is going on, not doing deadlock detection (a: 1, ff: 1, sff: 0)
[H] Some fast-forwarding is going on, not doing deadlock detection (a: 1, ff: 1, sff: 0)
[H] Some fast-forwarding is going on, not doing deadlock detection (a: 1, ff: 1, sff: 0)
[H] Some fast-forwarding is going on, not doing deadlock detection (a: 1, ff: 1, sff: 0)
[H] Some fast-forwarding is going on, not doing deadlock detection (a: 1, ff: 1, sff: 0)
[H] Some fast-forwarding is going on, not doing deadlock detection (a: 1, ff: 1, sff: 0)
[H] Some fast-forwarding is going on, not doing deadlock detection (a: 1, ff: 1, sff: 0)
[H] Some fast-forwarding is going on, not doing deadlock detection (a: 1, ff: 1, sff: 0)
[H] Some fast-forwarding is going on, not doing deadlock detection (a: 1, ff: 1, sff: 0)
[H] Some fast-forwarding is going on, not doing deadlock detection (a: 1, ff: 1, sff: 0)
[H] Some fast-forwarding is going on, not doing deadlock detection (a: 1, ff: 1, sff: 0)
[H] Some fast-forwarding is going on, not doing deadlock detection (a: 1, ff: 1, sff: 0)
[H] Some fast-forwarding is going on, not doing deadlock detection (a: 1, ff: 1, sff: 0)
[H] Some fast-forwarding is going on, not doing deadlock detection (a: 1, ff: 1, sff: 0)
[H] Some fast-forwarding is going on, not doing deadlock detection (a: 1, ff: 1, sff: 0)
[H] Some fast-forwarding is going on, not doing deadlock detection (a: 1, ff: 1, sff: 0)
[H] Some fast-forwarding is going on, not doing deadlock detection (a: 1, ff: 1, sff: 0)
[H] Some fast-forwarding is going on, not doing deadlock detection (a: 1, ff: 1, sff: 0)
[H] Some fast-forwarding is going on, not doing deadlock detection (a: 1, ff: 1, sff: 0)
[H] Some fast-forwarding is going on, not doing deadlock detection (a: 1, ff: 1, sff: 0)
[H] Some fast-forwarding is going on, not doing deadlock detection (a: 1, ff: 1, sff: 0)
[H] Some fast-forwarding is going on, not doing deadlock detection (a: 1, ff: 1, sff: 0)
[H] Some fast-forwarding is going on, not doing deadlock detection (a: 1, ff: 1, sff: 0)
[H] Some fast-forwarding is going on, not doing deadlock detection (a: 1, ff: 1, sff: 0)
[H] Some fast-forwarding is going on, not doing deadlock detection (a: 1, ff: 1, sff: 0)
[H] Some fast-forwarding is going on, not doing deadlock detection (a: 1, ff: 1, sff: 0)
[H] Some fast-forwarding is going on, not doing deadlock detection (a: 1, ff: 1, sff: 0)
[H] Some fast-forwarding is going on, not doing deadlock detection (a: 1, ff: 1, sff: 0)
[H] Some fast-forwarding is going on, not doing deadlock detection (a: 1, ff: 1, sff: 0)
[H] Some fast-forwarding is going on, not doing deadlock detection (a: 1, ff: 1, sff: 0)
[H] Some fast-forwarding is going on, not doing deadlock detection (a: 1, ff: 1, sff: 0)
[H] Some fast-forwarding is going on, not doing deadlock detection (a: 1, ff: 1, sff: 0)
[H] Some fast-forwarding is going on, not doing deadlock detection (a: 1, ff: 1, sff: 0)
[H] Some fast-forwarding is going on, not doing deadlock detection (a: 1, ff: 1, sff: 0)
[H] Some fast-forwarding is going on, not doing deadlock detection (a: 1, ff: 1, sff: 0)
[H] Some fast-forwarding is going on, not doing deadlock detection (a: 1, ff: 1, sff: 0)
[H] Some fast-forwarding is going on, not doing deadlock detection (a: 1, ff: 1, sff: 0)
[H] Some fast-forwarding is going on, not doing deadlock detection (a: 1, ff: 1, sff: 0)
[H] Some fast-forwarding is going on, not doing deadlock detection (a: 1, ff: 1, sff: 0)
[H] Some fast-forwarding is going on, not doing deadlock detection (a: 1, ff: 1, sff: 0)
[H] Some fast-forwarding is going on, not doing deadlock detection (a: 1, ff: 1, sff: 0)
[H] Some fast-forwarding is going on, not doing deadlock detection (a: 1, ff: 1, sff: 0)
[H] Some fast-forwarding is going on, not doing deadlock detection (a: 1, ff: 1, sff: 0)
[H] Some fast-forwarding is going on, not doing deadlock detection (a: 1, ff: 1, sff: 0)
[H] Some fast-forwarding is going on, not doing deadlock detection (a: 1, ff: 1, sff: 0)
[H] Some fast-forwarding is going on, not doing deadlock detection (a: 1, ff: 1, sff: 0)
[H] Some fast-forwarding is going on, not doing deadlock detection (a: 1, ff: 1, sff: 0)
[H] Some fast-forwarding is going on, not doing deadlock detection (a: 1, ff: 1, sff: 0)
[H] Some fast-forwarding is going on, not doing deadlock detection (a: 1, ff: 1, sff: 0)
[H] Some fast-forwarding is going on, not doing deadlock detection (a: 1, ff: 1, sff: 0)
[H] Some fast-forwarding is going on, not doing deadlock detection (a: 1, ff: 1, sff: 0)
[H] Some fast-forwarding is going on, not doing deadlock detection (a: 1, ff: 1, sff: 0)
[H] Some fast-forwarding is going on, not doing deadlock detection (a: 1, ff: 1, sff: 0)
[H] Some fast-forwarding is going on, not doing deadlock detection (a: 1, ff: 1, sff: 0)
[H] Some fast-forwarding is going on, not doing deadlock detection (a: 1, ff: 1, sff: 0)
[H] Some fast-forwarding is going on, not doing deadlock detection (a: 1, ff: 1, sff: 0)
[H] Some fast-forwarding is going on, not doing deadlock detection (a: 1, ff: 1, sff: 0)
[H] Some fast-forwarding is going on, not doing deadlock detection (a: 1, ff: 1, sff: 0)
[H] Some fast-forwarding is going on, not doing deadlock detection (a: 1, ff: 1, sff: 0)
[H] Some fast-forwarding is going on, not doing deadlock detection (a: 1, ff: 1, sff: 0)
[H] Some fast-forwarding is going on, not doing deadlock detection (a: 1, ff: 1, sff: 0)
[H] Some fast-forwarding is going on, not doing deadlock detection (a: 1, ff: 1, sff: 0)
[H] Some fast-forwarding is going on, not doing deadlock detection (a: 1, ff: 1, sff: 0)
[H] Some fast-forwarding is going on, not doing deadlock detection (a: 1, ff: 1, sff: 0)
[H] Some fast-forwarding is going on, not doing deadlock detection (a: 1, ff: 1, sff: 0)
[H] Some fast-forwarding is going on, not doing deadlock detection (a: 1, ff: 1, sff: 0)
[H] Some fast-forwarding is going on, not doing deadlock detection (a: 1, ff: 1, sff: 0)
[H] Some fast-forwarding is going on, not doing deadlock detection (a: 1, ff: 1, sff: 0)
[H] Some fast-forwarding is going on, not doing deadlock detection (a: 1, ff: 1, sff: 0)
[H] Some fast-forwarding is going on, not doing deadlock detection (a: 1, ff: 1, sff: 0)
[H] Some fast-forwarding is going on, not doing deadlock detection (a: 1, ff: 1, sff: 0)
[H] Some fast-forwarding is going on, not doing deadlock detection (a: 1, ff: 1, sff: 0)
[H] Some fast-forwarding is going on, not doing deadlock detection (a: 1, ff: 1, sff: 0)
[H] Some fast-forwarding is going on, not doing deadlock detection (a: 1, ff: 1, sff: 0)
[H] Some fast-forwarding is going on, not doing deadlock detection (a: 1, ff: 1, sff: 0)
[H] Some fast-forwarding is going on, not doing deadlock detection (a: 1, ff: 1, sff: 0)
[H] Some fast-forwarding is going on, not doing deadlock detection (a: 1, ff: 1, sff: 0)
[H] Some fast-forwarding is going on, not doing deadlock detection (a: 1, ff: 1, sff: 0)
[H] Some fast-forwarding is going on, not doing deadlock detection (a: 1, ff: 1, sff: 0)
[H] Some fast-forwarding is going on, not doing deadlock detection (a: 1, ff: 1, sff: 0)
[H] Some fast-forwarding is going on, not doing deadlock detection (a: 1, ff: 1, sff: 0)
[H] Some fast-forwarding is going on, not doing deadlock detection (a: 1, ff: 1, sff: 0)
[H] Some fast-forwarding is going on, not doing deadlock detection (a: 1, ff: 1, sff: 0)
[H] Some fast-forwarding is going on, not doing deadlock detection (a: 1, ff: 1, sff: 0)
[H] Some fast-forwarding is going on, not doing deadlock detection (a: 1, ff: 1, sff: 0)
[H] Some fast-forwarding is going on, not doing deadlock detection (a: 1, ff: 1, sff: 0)
[H] Some fast-forwarding is going on, not doing deadlock detection (a: 1, ff: 1, sff: 0)
[H] Some fast-forwarding is going on, not doing deadlock detection (a: 1, ff: 1, sff: 0)
[H] Some fast-forwarding is going on, not doing deadlock detection (a: 1, ff: 1, sff: 0)
[H] Some fast-forwarding is going on, not doing deadlock detection (a: 1, ff: 1, sff: 0)
[H] Some fast-forwarding is going on, not doing deadlock detection (a: 1, ff: 1, sff: 0)
