# zsim stats
===
root: # Stats
 contention: # Contention simulation stats
  domain-0: # Domain stats
   time: 539768740 # Weave simulation time
 time: # Simulator time breakdown
  init: 3335086017271
  bound: 12414602143
  weave: 1817881177
  ff: 0
 trigger: 20000 # Reason for this stats dump
 phase: 8439 # Simulated phases
 westmere: # Core stats
  westmere-0: # Core stats
   cycles: 84391003 # Simulated unhalted cycles
   cCycles: 9961531 # Cycles due to contention stalls
   instrs: 100007022 # Simulated instructions
   uops: 132222730 # Retired micro-ops
   bbls: 1458044 # Basic blocks
   approxInstrs: 967618 # Instrs with approx uop decoding
   mispredBranches: 1057 # Mispredicted branches
   condBranches: 120270 # conditional branches
 l1i: # Cache stats
  l1i-0: # Filter cache stats
   fhGETS: 6773767 # Filtered GETS hits
   fhGETX: 0 # Filtered GETX hits
   hGETS: 4033208 # GETS hits
   hGETX: 0 # GETX hits
   mGETS: 716 # GETS misses
   mGETXIM: 0 # GETX I->M misses
   mGETXSM: 0 # GETX S->M misses (upgrade misses)
   PUTS: 0 # Clean evictions (from lower level)
   PUTX: 0 # Dirty evictions (from lower level)
   INV: 473 # Invalidates (from upper level)
   INVX: 0 # Downgrades (from upper level)
   FWD: 0 # Forwards (from upper level)
   latGETnl: 81044 # GET request latency on next level
   latGETnet: 0 # GET request latency on network to next level
 l1d: # Cache stats
  l1d-0: # Filter cache stats
   fhGETS: 37270305 # Filtered GETS hits
   fhGETX: 9748215 # Filtered GETX hits
   hGETS: 4934375 # GETS hits
   hGETX: 1460944 # GETX hits
   mGETS: 617661 # GETS misses
   mGETXIM: 139983 # GETX I->M misses
   mGETXSM: 0 # GETX S->M misses (upgrade misses)
   PUTS: 0 # Clean evictions (from lower level)
   PUTX: 0 # Dirty evictions (from lower level)
   INV: 40 # Invalidates (from upper level)
   INVX: 0 # Downgrades (from upper level)
   FWD: 0 # Forwards (from upper level)
   latGETnl: 63127746 # GET request latency on next level
   latGETnet: 0 # GET request latency on network to next level
 l2: # Cache stats
  l2-0: # Cache stats
   hGETS: 256615 # GETS hits
   hGETX: 0 # GETX hits
   mGETS: 361762 # GETS misses
   mGETXIM: 139983 # GETX I->M misses
   mGETXSM: 0 # GETX S->M misses (upgrade misses)
   PUTS: 616485 # Clean evictions (from lower level)
   PUTX: 140607 # Dirty evictions (from lower level)
   INV: 0 # Invalidates (from upper level)
   INVX: 0 # Downgrades (from upper level)
   FWD: 0 # Forwards (from upper level)
   latGETnl: 55625190 # GET request latency on next level
   latGETnet: 0 # GET request latency on network to next level
 l3: # Cache stats
  l3-0: # Cache stats
   hGETS: 13832 # GETS hits
   hGETX: 3654 # GETX hits
   mGETS: 347930 # GETS misses
   mGETXIM: 136329 # GETX I->M misses
   mGETXSM: 0 # GETX S->M misses (upgrade misses)
   PUTS: 357743 # Clean evictions (from lower level)
   PUTX: 139906 # Dirty evictions (from lower level)
   INV: 0 # Invalidates (from upper level)
   INVX: 0 # Downgrades (from upper level)
   FWD: 0 # Forwards (from upper level)
   latGETnl: 43583310 # GET request latency on next level
   latGETnet: 0 # GET request latency on network to next level
 mem: # Memory controller stats
  mem-0: # Memory controller stats
   rd: 121072 # Read requests
   wr: 33910 # Write requests
   rdlat: 17700985 # Total latency experienced by read requests
   wrlat: 5522227 # Total latency experienced by write requests
   rdhits: 18 # Read row hits
   wrhits: 90 # Write row hits
   mlh: # latency histogram for memory requests
    0: 0
    1: 0
    2: 0
    3: 0
    4: 0
    5: 0
    6: 0
    7: 0
    8: 0
    9: 0
    10: 0
    11: 0
    12: 0
    13: 76449
    14: 21354
    15: 7440
    16: 2421
    17: 4045
    18: 434
    19: 1880
    20: 1517
    21: 140
    22: 192
    23: 139
    24: 1677
    25: 1969
    26: 158
    27: 32
    28: 53
    29: 36
    30: 64
    31: 49
    32: 59
    33: 65
    34: 43
    35: 75
    36: 76
    37: 71
    38: 93
    39: 79
    40: 73
    41: 77
    42: 72
    43: 33
    44: 29
    45: 16
    46: 11
    47: 29
    48: 36
    49: 19
    50: 15
    51: 8
    52: 5
    53: 8
    54: 3
    55: 9
    56: 5
    57: 2
    58: 3
    59: 1
    60: 2
    61: 1
    62: 1
    63: 1
    64: 1
    65: 0
    66: 1
    67: 1
    68: 0
    69: 0
    70: 0
    71: 0
    72: 0
    73: 0
    74: 0
    75: 0
    76: 0
    77: 0
    78: 0
    79: 0
    80: 0
    81: 0
    82: 0
    83: 0
    84: 0
    85: 0
    86: 0
    87: 0
    88: 0
    89: 0
    90: 0
    91: 0
    92: 0
    93: 0
    94: 0
    95: 0
    96: 0
    97: 0
    98: 0
    99: 0
  mem-1: # Memory controller stats
   rd: 121094 # Read requests
   wr: 33917 # Write requests
   rdlat: 17725844 # Total latency experienced by read requests
   wrlat: 5525155 # Total latency experienced by write requests
   rdhits: 1 # Read row hits
   wrhits: 91 # Write row hits
   mlh: # latency histogram for memory requests
    0: 0
    1: 0
    2: 0
    3: 0
    4: 0
    5: 0
    6: 0
    7: 0
    8: 0
    9: 0
    10: 0
    11: 0
    12: 0
    13: 75900
    14: 21688
    15: 7500
    16: 2445
    17: 4114
    18: 445
    19: 1879
    20: 1466
    21: 135
    22: 249
    23: 152
    24: 1645
    25: 1973
    26: 156
    27: 31
    28: 35
    29: 53
    30: 81
    31: 55
    32: 76
    33: 93
    34: 50
    35: 55
    36: 77
    37: 72
    38: 86
    39: 100
    40: 89
    41: 79
    42: 81
    43: 52
    44: 24
    45: 15
    46: 25
    47: 23
    48: 43
    49: 20
    50: 13
    51: 6
    52: 1
    53: 1
    54: 3
    55: 3
    56: 3
    57: 0
    58: 0
    59: 1
    60: 1
    61: 0
    62: 0
    63: 0
    64: 0
    65: 0
    66: 0
    67: 0
    68: 0
    69: 0
    70: 0
    71: 0
    72: 0
    73: 0
    74: 0
    75: 0
    76: 0
    77: 0
    78: 0
    79: 0
    80: 0
    81: 0
    82: 0
    83: 0
    84: 0
    85: 0
    86: 0
    87: 0
    88: 0
    89: 0
    90: 0
    91: 0
    92: 0
    93: 0
    94: 0
    95: 0
    96: 0
    97: 0
    98: 0
    99: 0
  mem-2: # Memory controller stats
   rd: 121065 # Read requests
   wr: 33912 # Write requests
   rdlat: 17689208 # Total latency experienced by read requests
   wrlat: 5513127 # Total latency experienced by write requests
   rdhits: 1 # Read row hits
   wrhits: 81 # Write row hits
   mlh: # latency histogram for memory requests
    0: 0
    1: 0
    2: 0
    3: 0
    4: 0
    5: 0
    6: 0
    7: 0
    8: 0
    9: 0
    10: 0
    11: 0
    12: 0
    13: 76487
    14: 21445
    15: 7340
    16: 2403
    17: 4059
    18: 454
    19: 1886
    20: 1439
    21: 139
    22: 245
    23: 138
    24: 1675
    25: 1957
    26: 169
    27: 39
    28: 41
    29: 56
    30: 53
    31: 57
    32: 67
    33: 63
    34: 44
    35: 40
    36: 67
    37: 71
    38: 94
    39: 81
    40: 76
    41: 78
    42: 65
    43: 41
    44: 28
    45: 18
    46: 18
    47: 23
    48: 37
    49: 21
    50: 17
    51: 9
    52: 5
    53: 4
    54: 3
    55: 5
    56: 3
    57: 0
    58: 4
    59: 0
    60: 1
    61: 0
    62: 0
    63: 0
    64: 0
    65: 0
    66: 0
    67: 0
    68: 0
    69: 0
    70: 0
    71: 0
    72: 0
    73: 0
    74: 0
    75: 0
    76: 0
    77: 0
    78: 0
    79: 0
    80: 0
    81: 0
    82: 0
    83: 0
    84: 0
    85: 0
    86: 0
    87: 0
    88: 0
    89: 0
    90: 0
    91: 0
    92: 0
    93: 0
    94: 0
    95: 0
    96: 0
    97: 0
    98: 0
    99: 0
  mem-3: # Memory controller stats
   rd: 121024 # Read requests
   wr: 33910 # Write requests
   rdlat: 17723711 # Total latency experienced by read requests
   wrlat: 5521868 # Total latency experienced by write requests
   rdhits: 7 # Read row hits
   wrhits: 87 # Write row hits
   mlh: # latency histogram for memory requests
    0: 0
    1: 0
    2: 0
    3: 0
    4: 0
    5: 0
    6: 0
    7: 0
    8: 0
    9: 0
    10: 0
    11: 1
    12: 2
    13: 75808
    14: 21715
    15: 7385
    16: 2500
    17: 4138
    18: 445
    19: 1898
    20: 1418
    21: 138
    22: 305
    23: 145
    24: 1630
    25: 1981
    26: 170
    27: 37
    28: 30
    29: 53
    30: 63
    31: 55
    32: 61
    33: 106
    34: 49
    35: 52
    36: 98
    37: 82
    38: 99
    39: 91
    40: 77
    41: 71
    42: 71
    43: 37
    44: 32
    45: 15
    46: 26
    47: 21
    48: 37
    49: 20
    50: 12
    51: 9
    52: 16
    53: 1
    54: 5
    55: 7
    56: 3
    57: 1
    58: 4
    59: 2
    60: 1
    61: 0
    62: 0
    63: 1
    64: 0
    65: 0
    66: 0
    67: 0
    68: 0
    69: 0
    70: 0
    71: 0
    72: 0
    73: 0
    74: 0
    75: 0
    76: 0
    77: 0
    78: 0
    79: 0
    80: 0
    81: 0
    82: 0
    83: 0
    84: 0
    85: 0
    86: 0
    87: 0
    88: 0
    89: 0
    90: 0
    91: 0
    92: 0
    93: 0
    94: 0
    95: 0
    96: 0
    97: 0
    98: 0
    99: 0
 sched: # Scheduler stats
  thCr: 1 # Threads created
  thFn: 1 # Threads finished
  schedEvs: 1 # Schedule events
  waitEvs: 0 # Wait events
  handoffEvs: 0 # Handoff events
  sleepEvs: 0 # Sleep events
  idlePhases: 0 # Phases with no thread active
  idlePeriods: 0 # Periods with no thread active
  occHist: # Occupancy histogram
   0: 0
   1: 8439
  rqSzHist: # Run queue size histogram
   0: 8439
   1: 0
   2: 0
   3: 0
   4: 0
   5: 0
   6: 0
   7: 0
   8: 0
   9: 0
   10: 0
   11: 0
   12: 0
   13: 0
   14: 0
   15: 0
   16: 0
 procCycles: # Per-process unhalted core cycles
  0: 84391003
  1: 0
  2: 0
  3: 0
  4: 0
  5: 0
  6: 0
  7: 0
  8: 0
  9: 0
  10: 0
  11: 0
  12: 0
  13: 0
  14: 0
  15: 0
  16: 0
  17: 0
  18: 0
  19: 0
  20: 0
  21: 0
  22: 0
  23: 0
  24: 0
  25: 0
  26: 0
  27: 0
  28: 0
  29: 0
  30: 0
  31: 0
  32: 0
  33: 0
  34: 0
  35: 0
  36: 0
  37: 0
  38: 0
  39: 0
  40: 0
  41: 0
  42: 0
  43: 0
  44: 0
  45: 0
  46: 0
  47: 0
  48: 0
  49: 0
  50: 0
  51: 0
  52: 0
  53: 0
  54: 0
  55: 0
  56: 0
  57: 0
  58: 0
  59: 0
  60: 0
  61: 0
  62: 0
  63: 0
 procInstrs: # Per-process instructions
  0: 100007022
  1: 0
  2: 0
  3: 0
  4: 0
  5: 0
  6: 0
  7: 0
  8: 0
  9: 0
  10: 0
  11: 0
  12: 0
  13: 0
  14: 0
  15: 0
  16: 0
  17: 0
  18: 0
  19: 0
  20: 0
  21: 0
  22: 0
  23: 0
  24: 0
  25: 0
  26: 0
  27: 0
  28: 0
  29: 0
  30: 0
  31: 0
  32: 0
  33: 0
  34: 0
  35: 0
  36: 0
  37: 0
  38: 0
  39: 0
  40: 0
  41: 0
  42: 0
  43: 0
  44: 0
  45: 0
  46: 0
  47: 0
  48: 0
  49: 0
  50: 0
  51: 0
  52: 0
  53: 0
  54: 0
  55: 0
  56: 0
  57: 0
  58: 0
  59: 0
  60: 0
  61: 0
  62: 0
  63: 0
 heartbeats: # Per-process heartbeats
  0: 0
  1: 0
  2: 0
  3: 0
  4: 0
  5: 0
  6: 0
  7: 0
  8: 0
  9: 0
  10: 0
  11: 0
  12: 0
  13: 0
  14: 0
  15: 0
  16: 0
  17: 0
  18: 0
  19: 0
  20: 0
  21: 0
  22: 0
  23: 0
  24: 0
  25: 0
  26: 0
  27: 0
  28: 0
  29: 0
  30: 0
  31: 0
  32: 0
  33: 0
  34: 0
  35: 0
  36: 0
  37: 0
  38: 0
  39: 0
  40: 0
  41: 0
  42: 0
  43: 0
  44: 0
  45: 0
  46: 0
  47: 0
  48: 0
  49: 0
  50: 0
  51: 0
  52: 0
  53: 0
  54: 0
  55: 0
  56: 0
  57: 0
  58: 0
  59: 0
  60: 0
  61: 0
  62: 0
  63: 0
===
