# zsim stats
===
root: # Stats
 contention: # Contention simulation stats
  domain-0: # Domain stats
   time: 1258160620 # Weave simulation time
 time: # Simulator time breakdown
  init: 78124166
  bound: 58084817705
  weave: 5488744722
  ff: 0
 trigger: 20000 # Reason for this stats dump
 phase: 31471 # Simulated phases
 westmere: # Core stats
  westmere-0: # Core stats
   cycles: 314710597 # Simulated unhalted cycles
   cCycles: 16808519 # Cycles due to contention stalls
   instrs: 500003160 # Simulated instructions
   uops: 710432447 # Retired micro-ops
   bbls: 26364860 # Basic blocks
   approxInstrs: 245252 # Instrs with approx uop decoding
   mispredBranches: 231943 # Mispredicted branches
   condBranches: 24862588 # conditional branches
 l1i: # Cache stats
  l1i-0: # Filter cache stats
   fhGETS: 49810211 # Filtered GETS hits
   fhGETX: 0 # Filtered GETX hits
   hGETS: 178683 # GETS hits
   hGETX: 0 # GETX hits
   mGETS: 1929 # GETS misses
   mGETXIM: 0 # GETX I->M misses
   mGETXSM: 0 # GETX S->M misses (upgrade misses)
   PUTS: 0 # Clean evictions (from lower level)
   PUTX: 0 # Dirty evictions (from lower level)
   INV: 6 # Invalidates (from upper level)
   INVX: 0 # Downgrades (from upper level)
   FWD: 0 # Forwards (from upper level)
   latGETnl: 207900 # GET request latency on next level
   latGETnet: 0 # GET request latency on network to next level
 l1d: # Cache stats
  l1d-0: # Filter cache stats
   fhGETS: 136198871 # Filtered GETS hits
   fhGETX: 45531936 # Filtered GETX hits
   hGETS: 74295870 # GETS hits
   hGETX: 29004941 # GETX hits
   mGETS: 1080467 # GETS misses
   mGETXIM: 1409767 # GETX I->M misses
   mGETXSM: 0 # GETX S->M misses (upgrade misses)
   PUTS: 0 # Clean evictions (from lower level)
   PUTX: 0 # Dirty evictions (from lower level)
   INV: 0 # Invalidates (from upper level)
   INVX: 0 # Downgrades (from upper level)
   FWD: 0 # Forwards (from upper level)
   latGETnl: 123288564 # GET request latency on next level
   latGETnet: 0 # GET request latency on network to next level
 l2: # Cache stats
  l2-0: # Cache stats
   hGETS: 967162 # GETS hits
   hGETX: 5910 # GETX hits
   mGETS: 115234 # GETS misses
   mGETXIM: 1403857 # GETX I->M misses
   mGETXSM: 0 # GETX S->M misses (upgrade misses)
   PUTS: 1078266 # Clean evictions (from lower level)
   PUTX: 1412871 # Dirty evictions (from lower level)
   INV: 0 # Invalidates (from upper level)
   INVX: 0 # Downgrades (from upper level)
   FWD: 0 # Forwards (from upper level)
   latGETnl: 98574834 # GET request latency on next level
   latGETnet: 0 # GET request latency on network to next level
 l3: # Cache stats
  l3-0: # Cache stats
   hGETS: 108346 # GETS hits
   hGETX: 720560 # GETX hits
   mGETS: 6888 # GETS misses
   mGETXIM: 683297 # GETX I->M misses
   mGETXSM: 0 # GETX S->M misses (upgrade misses)
   PUTS: 112049 # Clean evictions (from lower level)
   PUTX: 1402946 # Dirty evictions (from lower level)
   INV: 0 # Invalidates (from upper level)
   INVX: 0 # Downgrades (from upper level)
   FWD: 0 # Forwards (from upper level)
   latGETnl: 62116650 # GET request latency on next level
   latGETnet: 0 # GET request latency on network to next level
 mem: # Memory controller stats
  mem-0: # Memory controller stats
   rd: 172636 # Read requests
   wr: 163081 # Write requests
   rdlat: 23583319 # Total latency experienced by read requests
   wrlat: 23642522 # Total latency experienced by write requests
   rdhits: 43781 # Read row hits
   wrhits: 1064 # Write row hits
   mlh: # latency histogram for memory requests
    0: 0
    1: 0
    2: 0
    3: 0
    4: 0
    5: 0
    6: 0
    7: 0
    8: 0
    9: 0
    10: 0
    11: 2
    12: 4956
    13: 144928
    14: 19411
    15: 220
    16: 157
    17: 84
    18: 90
    19: 104
    20: 85
    21: 97
    22: 109
    23: 117
    24: 129
    25: 160
    26: 135
    27: 154
    28: 149
    29: 101
    30: 78
    31: 75
    32: 97
    33: 99
    34: 91
    35: 124
    36: 86
    37: 68
    38: 114
    39: 117
    40: 133
    41: 139
    42: 108
    43: 42
    44: 3
    45: 0
    46: 25
    47: 41
    48: 8
    49: 0
    50: 0
    51: 0
    52: 0
    53: 0
    54: 0
    55: 0
    56: 0
    57: 0
    58: 0
    59: 0
    60: 0
    61: 0
    62: 0
    63: 0
    64: 0
    65: 0
    66: 0
    67: 0
    68: 0
    69: 0
    70: 0
    71: 0
    72: 0
    73: 0
    74: 0
    75: 0
    76: 0
    77: 0
    78: 0
    79: 0
    80: 0
    81: 0
    82: 0
    83: 0
    84: 0
    85: 0
    86: 0
    87: 0
    88: 0
    89: 0
    90: 0
    91: 0
    92: 0
    93: 0
    94: 0
    95: 0
    96: 0
    97: 0
    98: 0
    99: 0
  mem-1: # Memory controller stats
   rd: 172497 # Read requests
   wr: 163083 # Write requests
   rdlat: 23465452 # Total latency experienced by read requests
   wrlat: 23607906 # Total latency experienced by write requests
   rdhits: 43768 # Read row hits
   wrhits: 1099 # Write row hits
   mlh: # latency histogram for memory requests
    0: 0
    1: 0
    2: 0
    3: 0
    4: 0
    5: 0
    6: 0
    7: 0
    8: 0
    9: 0
    10: 0
    11: 5
    12: 4927
    13: 145146
    14: 19743
    15: 204
    16: 109
    17: 83
    18: 79
    19: 87
    20: 72
    21: 47
    22: 70
    23: 99
    24: 65
    25: 108
    26: 129
    27: 133
    28: 110
    29: 80
    30: 83
    31: 89
    32: 74
    33: 75
    34: 70
    35: 82
    36: 77
    37: 74
    38: 94
    39: 83
    40: 98
    41: 98
    42: 81
    43: 39
    44: 8
    45: 0
    46: 28
    47: 41
    48: 7
    49: 0
    50: 0
    51: 0
    52: 0
    53: 0
    54: 0
    55: 0
    56: 0
    57: 0
    58: 0
    59: 0
    60: 0
    61: 0
    62: 0
    63: 0
    64: 0
    65: 0
    66: 0
    67: 0
    68: 0
    69: 0
    70: 0
    71: 0
    72: 0
    73: 0
    74: 0
    75: 0
    76: 0
    77: 0
    78: 0
    79: 0
    80: 0
    81: 0
    82: 0
    83: 0
    84: 0
    85: 0
    86: 0
    87: 0
    88: 0
    89: 0
    90: 0
    91: 0
    92: 0
    93: 0
    94: 0
    95: 0
    96: 0
    97: 0
    98: 0
    99: 0
  mem-2: # Memory controller stats
   rd: 172519 # Read requests
   wr: 163002 # Write requests
   rdlat: 23560434 # Total latency experienced by read requests
   wrlat: 23658761 # Total latency experienced by write requests
   rdhits: 43780 # Read row hits
   wrhits: 1139 # Write row hits
   mlh: # latency histogram for memory requests
    0: 0
    1: 0
    2: 0
    3: 0
    4: 0
    5: 0
    6: 0
    7: 0
    8: 0
    9: 0
    10: 0
    11: 5
    12: 4927
    13: 144800
    14: 19572
    15: 210
    16: 141
    17: 73
    18: 73
    19: 102
    20: 86
    21: 82
    22: 82
    23: 124
    24: 122
    25: 153
    26: 146
    27: 165
    28: 107
    29: 111
    30: 98
    31: 79
    32: 84
    33: 79
    34: 95
    35: 102
    36: 88
    37: 85
    38: 98
    39: 123
    40: 104
    41: 151
    42: 116
    43: 46
    44: 5
    45: 0
    46: 26
    47: 45
    48: 13
    49: 1
    50: 0
    51: 0
    52: 0
    53: 0
    54: 0
    55: 0
    56: 0
    57: 0
    58: 0
    59: 0
    60: 0
    61: 0
    62: 0
    63: 0
    64: 0
    65: 0
    66: 0
    67: 0
    68: 0
    69: 0
    70: 0
    71: 0
    72: 0
    73: 0
    74: 0
    75: 0
    76: 0
    77: 0
    78: 0
    79: 0
    80: 0
    81: 0
    82: 0
    83: 0
    84: 0
    85: 0
    86: 0
    87: 0
    88: 0
    89: 0
    90: 0
    91: 0
    92: 0
    93: 0
    94: 0
    95: 0
    96: 0
    97: 0
    98: 0
    99: 0
  mem-3: # Memory controller stats
   rd: 172531 # Read requests
   wr: 163082 # Write requests
   rdlat: 23476693 # Total latency experienced by read requests
   wrlat: 23621083 # Total latency experienced by write requests
   rdhits: 43778 # Read row hits
   wrhits: 1239 # Write row hits
   mlh: # latency histogram for memory requests
    0: 0
    1: 0
    2: 0
    3: 0
    4: 0
    5: 0
    6: 0
    7: 0
    8: 0
    9: 0
    10: 0
    11: 16
    12: 4952
    13: 145126
    14: 19685
    15: 207
    16: 147
    17: 88
    18: 91
    19: 71
    20: 62
    21: 79
    22: 76
    23: 86
    24: 123
    25: 103
    26: 92
    27: 122
    28: 92
    29: 84
    30: 81
    31: 66
    32: 83
    33: 68
    34: 74
    35: 71
    36: 97
    37: 92
    38: 90
    39: 96
    40: 96
    41: 103
    42: 96
    43: 46
    44: 4
    45: 0
    46: 32
    47: 27
    48: 7
    49: 0
    50: 0
    51: 0
    52: 0
    53: 0
    54: 0
    55: 0
    56: 0
    57: 0
    58: 0
    59: 0
    60: 0
    61: 0
    62: 0
    63: 0
    64: 0
    65: 0
    66: 0
    67: 0
    68: 0
    69: 0
    70: 0
    71: 0
    72: 0
    73: 0
    74: 0
    75: 0
    76: 0
    77: 0
    78: 0
    79: 0
    80: 0
    81: 0
    82: 0
    83: 0
    84: 0
    85: 0
    86: 0
    87: 0
    88: 0
    89: 0
    90: 0
    91: 0
    92: 0
    93: 0
    94: 0
    95: 0
    96: 0
    97: 0
    98: 0
    99: 0
 sched: # Scheduler stats
  thCr: 1 # Threads created
  thFn: 0 # Threads finished
  schedEvs: 1 # Schedule events
  waitEvs: 0 # Wait events
  handoffEvs: 0 # Handoff events
  sleepEvs: 0 # Sleep events
  idlePhases: 0 # Phases with no thread active
  idlePeriods: 0 # Periods with no thread active
  occHist: # Occupancy histogram
   0: 0
   1: 31471
  rqSzHist: # Run queue size histogram
   0: 31471
   1: 0
   2: 0
   3: 0
   4: 0
   5: 0
   6: 0
   7: 0
   8: 0
   9: 0
   10: 0
   11: 0
   12: 0
   13: 0
   14: 0
   15: 0
   16: 0
 procCycles: # Per-process unhalted core cycles
  0: 314710597
  1: 0
  2: 0
  3: 0
  4: 0
  5: 0
  6: 0
  7: 0
  8: 0
  9: 0
  10: 0
  11: 0
  12: 0
  13: 0
  14: 0
  15: 0
  16: 0
  17: 0
  18: 0
  19: 0
  20: 0
  21: 0
  22: 0
  23: 0
  24: 0
  25: 0
  26: 0
  27: 0
  28: 0
  29: 0
  30: 0
  31: 0
  32: 0
  33: 0
  34: 0
  35: 0
  36: 0
  37: 0
  38: 0
  39: 0
  40: 0
  41: 0
  42: 0
  43: 0
  44: 0
  45: 0
  46: 0
  47: 0
  48: 0
  49: 0
  50: 0
  51: 0
  52: 0
  53: 0
  54: 0
  55: 0
  56: 0
  57: 0
  58: 0
  59: 0
  60: 0
  61: 0
  62: 0
  63: 0
 procInstrs: # Per-process instructions
  0: 500003160
  1: 0
  2: 0
  3: 0
  4: 0
  5: 0
  6: 0
  7: 0
  8: 0
  9: 0
  10: 0
  11: 0
  12: 0
  13: 0
  14: 0
  15: 0
  16: 0
  17: 0
  18: 0
  19: 0
  20: 0
  21: 0
  22: 0
  23: 0
  24: 0
  25: 0
  26: 0
  27: 0
  28: 0
  29: 0
  30: 0
  31: 0
  32: 0
  33: 0
  34: 0
  35: 0
  36: 0
  37: 0
  38: 0
  39: 0
  40: 0
  41: 0
  42: 0
  43: 0
  44: 0
  45: 0
  46: 0
  47: 0
  48: 0
  49: 0
  50: 0
  51: 0
  52: 0
  53: 0
  54: 0
  55: 0
  56: 0
  57: 0
  58: 0
  59: 0
  60: 0
  61: 0
  62: 0
  63: 0
 heartbeats: # Per-process heartbeats
  0: 0
  1: 0
  2: 0
  3: 0
  4: 0
  5: 0
  6: 0
  7: 0
  8: 0
  9: 0
  10: 0
  11: 0
  12: 0
  13: 0
  14: 0
  15: 0
  16: 0
  17: 0
  18: 0
  19: 0
  20: 0
  21: 0
  22: 0
  23: 0
  24: 0
  25: 0
  26: 0
  27: 0
  28: 0
  29: 0
  30: 0
  31: 0
  32: 0
  33: 0
  34: 0
  35: 0
  36: 0
  37: 0
  38: 0
  39: 0
  40: 0
  41: 0
  42: 0
  43: 0
  44: 0
  45: 0
  46: 0
  47: 0
  48: 0
  49: 0
  50: 0
  51: 0
  52: 0
  53: 0
  54: 0
  55: 0
  56: 0
  57: 0
  58: 0
  59: 0
  60: 0
  61: 0
  62: 0
  63: 0
===
